<?xml version="1.0" encoding="UTF-8"?>
<!-- Generated by org.testng.reporters.JUnitReportReporter -->
<testsuite hostname="ip-192-168-1-87.ap-south-1.compute.internal" failures="0" tests="1" name="login.Login_test" time="15.138" errors="0" timestamp="2025-07-09T15:33:35 IST" skipped="0">
  <testcase classname="login.Login_test" name="login" time="15.138"/>
  <system-out/>
</testsuite> <!-- login.Login_test -->
