<?xml version="1.0" encoding="UTF-8"?>
<!-- Generated by org.testng.reporters.JUnitReportReporter -->
<testsuite hostname="ip-192-168-1-185.ap-south-1.compute.internal" failures="0" tests="1" name="base.Test" time="50.044" errors="0" timestamp="2024-08-08T12:59:50 IST" skipped="0">
  <testcase classname="base.Test" name="test" time="50.044"/>
</testsuite> <!-- base.Test -->
