<?xml version="1.0" encoding="UTF-8"?>
<!-- Generated by org.testng.reporters.JUnitReportReporter -->
<testsuite hostname="ip-192-168-1-87.ap-south-1.compute.internal" failures="0" tests="1" name="login.Login_test" time="29.653" errors="0" timestamp="2025-07-09T16:52:53 IST" skipped="0">
  <testcase classname="login.Login_test" name="verify_loginText" time="29.653"/>
  <system-out/>
</testsuite> <!-- login.Login_test -->
