<?xml version="1.0" encoding="UTF-8"?>
<!-- Generated by org.testng.reporters.JUnitReportReporter -->
<testsuite hostname="ip-192-168-1-87.ap-south-1.compute.internal" failures="0" tests="2" name="login.Login_test" time="38.529" errors="0" timestamp="2025-07-09T15:51:33 IST" skipped="0">
  <testcase classname="login.Login_test" name="logout" time="19.766"/>
  <system-out/>
  <testcase classname="login.Login_test" name="login" time="18.763"/>
  <system-out/>
</testsuite> <!-- login.Login_test -->
